<?xml version="1.0" encoding="UTF-8"?>
<!-- Generated by org.testng.reporters.JUnitReportReporter -->
<testsuite skipped="0" hostname="Jasmines-MacBook-Pro.local" name="practice.PersonTest" tests="2" failures="0" timestamp="08 Jul 2018 22:12:26 GMT" time="0.010" errors="0">
  <testcase name="VerifyLastNameFail" time="0.000" classname="practice.PersonTest"/>
  <testcase name="VerifyFirstName" time="0.010" classname="practice.PersonTest"/>
</testsuite> <!-- practice.PersonTest -->
